2019-03-22 14:47:23 scheduler.py[line:57] INFO ODS_APP_NAME 20190320 MainThread start execute
2019-03-22 14:47:47 scheduler.py[line:76] INFO ODS_APP_NAME 20190320 MainThread successfully executed
2019-03-22 15:12:47 scheduler.py[line:58] INFO ODS_APP_NAME 20190320 MainThread start execute
2019-03-22 15:13:09 scheduler.py[line:77] INFO ODS_APP_NAME 20190320 MainThread successfully executed
2019-03-22 15:46:41 scheduler.py[line:65] INFO 20190321 ODS_APP_NAME Thread-1 start execute
2019-03-22 15:47:04 scheduler.py[line:84] INFO 20190321 ODS_APP_NAME Thread-1 successfully executed
2019-03-22 15:47:04 scheduler.py[line:129] INFO 20190321 all task successfully executed
2019-03-22 15:50:42 scheduler.py[line:65] INFO 20190321 ODS_APP_NAME Thread-2 start execute
2019-03-22 15:51:03 scheduler.py[line:129] INFO 20190321 all task successfully executed
2019-03-22 15:52:12 scheduler.py[line:65] INFO 20190321 ODS_APP_NAME Thread-2 start execute
2019-03-22 15:52:35 scheduler.py[line:84] INFO 20190321 ODS_APP_NAME Thread-2 successfully executed
2019-03-22 15:52:35 scheduler.py[line:129] INFO 20190321 all task successfully executed

2019-03-22 15:55:47 scheduler.py[line:65] INFO 20190321 ODS_APP_NAME Thread-2 start execute
2019-03-22 15:55:50 scheduler.py[line:110] WARNING 20190321 P_DWD_RES2_TOPIC_RES_D Thread-1 fail executed  time-1
2019-03-22 15:55:50 scheduler.py[line:65] INFO 20190321 P_DWD_RES2_TOPIC_RES_D Thread-1 start execute
2019-03-22 15:56:13 scheduler.py[line:84] INFO 20190321 ODS_APP_NAME Thread-2 successfully executed
2019-03-22 15:56:17 scheduler.py[line:84] INFO 20190321 P_DWD_RES2_TOPIC_RES_D Thread-1 successfully executed
2019-03-22 15:56:17 scheduler.py[line:129] INFO 20190321 all task successfully executed

2019-03-22 16:13:06 scheduler.py[line:65] INFO 20190321 ODS_APP_NAME Thread-2 start execute
2019-03-22 16:13:08 scheduler.py[line:110] WARNING 20190321 P_DWD_RES2_TOPIC_RES_D Thread-1 fail executed  time-1
2019-03-22 16:13:08 scheduler.py[line:65] INFO 20190321 P_DWD_RES2_TOPIC_RES_D Thread-1 start execute
2019-03-22 16:13:34 scheduler.py[line:84] INFO 20190321 ODS_APP_NAME Thread-2 successfully executed
2019-03-22 16:13:37 scheduler.py[line:84] INFO 20190321 P_DWD_RES2_TOPIC_RES_D Thread-1 successfully executed
2019-03-22 16:13:37 scheduler.py[line:129] INFO 20190321 all task successfully executed
2019-03-22 16:16:55 scheduler.py[line:110] WARNING 20190321 P_DWD_RES2_PROD_RES_D Thread-3 fail executed  time-1
2019-03-22 16:16:55 scheduler.py[line:65] INFO 20190321 ODS_APP_NAME Thread-3 start execute
2019-03-22 16:16:55 scheduler.py[line:110] WARNING 20190321 P_DWD_RES2_TE_CHAPTER_D Thread-2 fail executed  time-1
2019-03-22 16:16:56 scheduler.py[line:110] WARNING 20190321 P_DWD_RES2_TOPIC_RES_D Thread-1 fail executed  time-1
2019-03-22 16:16:58 scheduler.py[line:110] WARNING 20190321 P_DWD_RES2_TE_CHAPTER_D Thread-1 fail executed  time-1
2019-03-22 16:16:58 scheduler.py[line:110] WARNING 20190321 P_DWD_RES2_PROD_RES_D Thread-2 fail executed  time-1
2019-03-22 16:17:00 scheduler.py[line:110] WARNING 20190321 P_DWD_RES2_TE_CHAPTER_D Thread-2 fail executed  time-1
2019-03-22 16:17:01 scheduler.py[line:110] WARNING 20190321 P_DWD_RES2_TOPIC_RES_D Thread-1 fail executed  time-1
2019-03-22 16:17:04 scheduler.py[line:110] WARNING 20190321 P_DWD_RES2_PROD_RES_D Thread-2 fail executed  time-1
2019-03-22 16:17:04 scheduler.py[line:110] WARNING 20190321 P_DWD_RES2_CLASSICATREL_D Thread-4 fail executed  time-1
2019-03-22 16:17:05 scheduler.py[line:110] WARNING 20190321 P_DWD_RES2_TE_CHAPTER_D Thread-1 fail executed  time-1
2019-03-22 16:17:07 scheduler.py[line:110] WARNING 20190321 P_DWD_RES2_TOPIC_RES_D Thread-2 fail executed  time-1
2019-03-22 16:17:07 scheduler.py[line:110] WARNING 20190321 P_DWD_RES2_PROD_RES_D Thread-4 fail executed  time-1
2019-03-22 16:17:09 scheduler.py[line:110] WARNING 20190321 P_DWD_RES2_TE_CHAPTER_D Thread-2 fail executed  time-1
2019-03-22 16:17:10 scheduler.py[line:110] WARNING 20190321 P_DWD_RES2_TOPIC_RES_D Thread-4 fail executed  time-1
2019-03-22 16:17:13 scheduler.py[line:110] WARNING 20190321 P_DWD_RES2_PROD_RES_D Thread-2 fail executed  time-1
2019-03-22 16:17:13 scheduler.py[line:110] WARNING 20190321 P_DWD_RES2_TE_CHAPTER_D Thread-4 fail executed  time-1
2019-03-22 16:17:15 scheduler.py[line:110] WARNING 20190321 P_DWD_RES2_TOPIC_RES_D Thread-2 fail executed  time-1
2019-03-22 16:17:17 scheduler.py[line:110] WARNING 20190321 P_DWD_RES2_CLASSICATREL_D Thread-1 fail executed  time-1
2019-03-22 16:17:19 scheduler.py[line:110] WARNING 20190321 P_DWD_RES2_TE_CHAPTER_D Thread-2 fail executed  time-1
2019-03-22 16:17:19 scheduler.py[line:110] WARNING 20190321 P_DWD_RES2_PROD_RES_D Thread-4 fail executed  time-1
2019-03-22 16:17:20 scheduler.py[line:110] WARNING 20190321 P_DWD_RES2_TOPIC_RES_D Thread-1 fail executed  time-1
2019-03-22 16:17:20 scheduler.py[line:84] INFO 20190321 ODS_APP_NAME Thread-3 successfully executed
2019-03-22 16:17:23 scheduler.py[line:110] WARNING 20190321 P_DWD_RES2_TE_CHAPTER_D Thread-4 fail executed  time-1
2019-03-22 16:17:23 scheduler.py[line:110] WARNING 20190321 P_DWD_RES2_TOPIC_RES_D Thread-3 fail executed  time-1
2019-03-22 16:17:23 scheduler.py[line:110] WARNING 20190321 P_DWD_RES2_PROD_RES_D Thread-1 fail executed  time-1
2019-03-22 16:17:25 scheduler.py[line:110] WARNING 20190321 P_DWD_RES2_TE_CHAPTER_D Thread-4 fail executed  time-1
2019-03-22 16:17:26 scheduler.py[line:110] WARNING 20190321 P_DWD_RES2_TOPIC_RES_D Thread-3 fail executed  time-1
2019-03-22 16:17:26 scheduler.py[line:110] WARNING 20190321 P_DWD_RES2_PROD_RES_D Thread-1 fail executed  time-1
2019-03-22 16:17:29 scheduler.py[line:110] WARNING 20190321 P_DWD_RES2_TOPIC_RES_D Thread-3 fail executed  time-1
2019-03-22 16:17:31 scheduler.py[line:110] WARNING 20190321 P_DWD_RES2_CLASSICATREL_D Thread-2 fail executed  time-1
2019-03-22 16:17:31 scheduler.py[line:110] WARNING 20190321 P_DWD_RES2_TOPIC_RES_D Thread-3 fail executed  time-1
2019-03-22 16:17:32 scheduler.py[line:110] WARNING 20190321 P_DWD_RES2_TE_CHAPTER_D Thread-4 fail executed  time-1
2019-03-22 16:17:32 scheduler.py[line:110] WARNING 20190321 P_DWD_RES2_PROD_RES_D Thread-1 fail executed  time-1
2019-03-22 16:17:34 scheduler.py[line:110] WARNING 20190321 P_DWD_RES2_TOPIC_RES_D Thread-3 fail executed  time-1
2019-03-22 16:17:35 scheduler.py[line:110] WARNING 20190321 P_DWD_RES2_TE_CHAPTER_D Thread-4 fail executed  time-1
2019-03-22 16:17:36 scheduler.py[line:110] WARNING 20190321 P_DWD_RES2_PROD_RES_D Thread-1 fail executed  time-1
2019-03-22 16:17:37 scheduler.py[line:110] WARNING 20190321 P_DWD_RES2_TOPIC_RES_D Thread-3 fail executed  time-1
2019-03-22 16:17:38 scheduler.py[line:110] WARNING 20190321 P_DWD_RES2_TE_CHAPTER_D Thread-4 fail executed  time-1
2019-03-22 16:17:39 scheduler.py[line:110] WARNING 20190321 P_DWD_RES2_PROD_RES_D Thread-1 fail executed  time-1
2019-03-22 16:17:40 scheduler.py[line:110] WARNING 20190321 P_DWD_RES2_TOPIC_RES_D Thread-3 fail executed  time-1
2019-03-22 16:17:41 scheduler.py[line:110] WARNING 20190321 P_DWD_RES2_TE_CHAPTER_D Thread-4 fail executed  time-1
2019-03-22 16:17:41 scheduler.py[line:110] WARNING 20190321 P_DWD_RES2_PROD_RES_D Thread-1 fail executed  time-1
2019-03-22 16:17:43 scheduler.py[line:110] WARNING 20190321 P_DWD_RES2_TOPIC_RES_D Thread-3 fail executed  time-1
2019-03-22 16:17:44 scheduler.py[line:110] WARNING 20190321 P_DWD_RES2_CLASSICATREL_D Thread-2 fail executed  time-1
2019-03-22 16:17:46 scheduler.py[line:110] WARNING 20190321 P_DWD_RES2_TOPIC_RES_D Thread-3 fail executed  time-1
2019-03-22 16:17:55 scheduler.py[line:110] WARNING 20190321 P_DWD_RES2_TOPIC_RES_D Thread-3 fail executed  time-1
2019-03-22 16:17:55 scheduler.py[line:110] WARNING 20190321 P_DWD_RES2_PROD_RES_D Thread-1 fail executed  time-1
2019-03-22 16:17:55 scheduler.py[line:110] WARNING 20190321 P_DWD_RES2_TE_CHAPTER_D Thread-4 fail executed  time-1
2019-03-22 16:17:58 scheduler.py[line:110] WARNING 20190321 P_DWD_RES2_TOPIC_RES_D Thread-3 fail executed  time-1
2019-03-22 16:17:58 scheduler.py[line:110] WARNING 20190321 P_DWD_RES2_CLASSICATREL_D Thread-2 fail executed  time-1
2019-03-22 16:18:13 scheduler.py[line:110] WARNING 20190321 P_DWD_RES2_TOPIC_RES_D Thread-3 fail executed  time-1
2019-03-22 16:18:13 scheduler.py[line:110] WARNING 20190321 P_DWD_RES2_PROD_RES_D Thread-1 fail executed  time-1
2019-03-22 16:18:13 scheduler.py[line:110] WARNING 20190321 P_DWD_RES2_TE_CHAPTER_D Thread-4 fail executed  time-1
2019-03-22 16:18:16 scheduler.py[line:110] WARNING 20190321 P_DWD_RES2_TE_CHAPTER_D Thread-4 fail executed  time-1
2019-03-22 16:18:16 scheduler.py[line:110] WARNING 20190321 P_DWD_RES2_TOPIC_RES_D Thread-3 fail executed  time-1
2019-03-22 16:18:17 scheduler.py[line:110] WARNING 20190321 P_DWD_RES2_PROD_RES_D Thread-1 fail executed  time-1
2019-03-22 16:18:19 scheduler.py[line:110] WARNING 20190321 P_DWD_RES2_TE_CHAPTER_D Thread-4 fail executed  time-1
2019-03-22 16:18:19 scheduler.py[line:110] WARNING 20190321 P_DWD_RES2_TOPIC_RES_D Thread-3 fail executed  time-1
2019-03-22 16:18:20 scheduler.py[line:110] WARNING 20190321 P_DWD_RES2_PROD_RES_D Thread-1 fail executed  time-1
2019-03-22 16:18:22 scheduler.py[line:110] WARNING 20190321 P_DWD_RES2_TE_CHAPTER_D Thread-4 fail executed  time-1
2019-03-22 16:18:22 scheduler.py[line:110] WARNING 20190321 P_DWD_RES2_TOPIC_RES_D Thread-3 fail executed  time-1
2019-03-22 16:18:24 scheduler.py[line:110] WARNING 20190321 P_DWD_RES2_CLASSICATREL_D Thread-2 fail executed  time-1
2019-03-22 16:18:25 scheduler.py[line:110] WARNING 20190321 P_DWD_RES2_TOPIC_RES_D Thread-3 fail executed  time-1
2019-03-22 16:18:27 scheduler.py[line:110] WARNING 20190321 P_DWD_RES2_TOPIC_RES_D Thread-3 fail executed  time-1
2019-03-22 16:18:30 scheduler.py[line:110] WARNING 20190321 P_DWD_RES2_TOPIC_RES_D Thread-3 fail executed  time-1
2019-03-22 16:18:30 scheduler.py[line:110] WARNING 20190321 P_DWD_RES2_TE_CHAPTER_D Thread-4 fail executed  time-1
2019-03-22 16:18:30 scheduler.py[line:110] WARNING 20190321 P_DWD_RES2_PROD_RES_D Thread-1 fail executed  time-1
2019-03-22 16:18:33 scheduler.py[line:110] WARNING 20190321 P_DWD_RES2_TE_CHAPTER_D Thread-4 fail executed  time-1
2019-03-22 16:18:33 scheduler.py[line:110] WARNING 20190321 P_DWD_RES2_TOPIC_RES_D Thread-3 fail executed  time-1
2019-03-22 16:18:33 scheduler.py[line:110] WARNING 20190321 P_DWD_RES2_PROD_RES_D Thread-1 fail executed  time-1
2019-03-22 16:18:36 scheduler.py[line:110] WARNING 20190321 P_DWD_RES2_TOPIC_RES_D Thread-3 fail executed  time-1
2019-03-22 16:18:37 scheduler.py[line:110] WARNING 20190321 P_DWD_RES2_TE_CHAPTER_D Thread-4 fail executed  time-1
2019-03-22 16:18:38 scheduler.py[line:110] WARNING 20190321 P_DWD_RES2_CLASSICATREL_D Thread-2 fail executed  time-1
2019-03-22 16:18:38 scheduler.py[line:110] WARNING 20190321 P_DWD_RES2_TOPIC_RES_D Thread-3 fail executed  time-1
2019-03-22 16:18:40 scheduler.py[line:110] WARNING 20190321 P_DWD_RES2_TE_CHAPTER_D Thread-4 fail executed  time-1
2019-03-22 16:18:40 scheduler.py[line:110] WARNING 20190321 P_DWD_RES2_PROD_RES_D Thread-1 fail executed  time-1
2019-03-22 16:18:41 scheduler.py[line:110] WARNING 20190321 P_DWD_RES2_TOPIC_RES_D Thread-3 fail executed  time-1
2019-03-22 16:18:49 scheduler.py[line:129] INFO 20190321 all task successfully executed
2019-03-22 16:36:21 scheduler.py[line:109] WARNING 20190321 P_DWD_RES2_TE_CHAPTER_D Thread-2 fail executed  time-1
2019-03-22 16:36:21 scheduler.py[line:65] INFO 20190321 ODS_APP_NAME Thread-2 start execute
2019-03-22 16:36:22 scheduler.py[line:109] WARNING 20190321 P_DWD_RES2_TOPIC_RES_D Thread-1 fail executed  time-1
2019-03-22 16:36:22 scheduler.py[line:109] WARNING 20190321 P_DWD_RES2_PROD_RES_D Thread-3 fail executed  time-1
2019-03-22 16:36:24 scheduler.py[line:109] WARNING 20190321 P_DWD_RES2_TE_CHAPTER_D Thread-1 fail executed  time-1
2019-03-22 16:36:25 scheduler.py[line:109] WARNING 20190321 P_DWD_RES2_TOPIC_RES_D Thread-3 fail executed  time-1
2019-03-22 16:36:27 scheduler.py[line:109] WARNING 20190321 P_DWD_RES2_TE_CHAPTER_D Thread-3 fail executed  time-1
2019-03-22 16:36:27 scheduler.py[line:109] WARNING 20190321 P_DWD_RES2_PROD_RES_D Thread-1 fail executed  time-1
2019-03-22 16:36:29 scheduler.py[line:109] WARNING 20190321 P_DWD_RES2_TOPIC_RES_D Thread-3 fail executed  time-1
2019-03-22 16:36:29 scheduler.py[line:109] WARNING 20190321 P_DWD_RES2_TE_CHAPTER_D Thread-1 fail executed  time-1
2019-03-22 16:36:30 scheduler.py[line:109] WARNING 20190321 P_DWD_RES2_CLASSICATREL_D Thread-4 fail executed  time-1
2019-03-22 16:36:33 scheduler.py[line:109] WARNING 20190321 P_DWD_RES2_PROD_RES_D Thread-3 fail executed  time-1
2019-03-22 16:36:33 scheduler.py[line:109] WARNING 20190321 P_DWD_RES2_TOPIC_RES_D Thread-1 fail executed  time-1
2019-03-22 16:36:33 scheduler.py[line:109] WARNING 20190321 P_DWD_RES2_TE_CHAPTER_D Thread-4 fail executed  time-1
2019-03-22 16:36:36 scheduler.py[line:109] WARNING 20190321 P_DWD_RES2_TOPIC_RES_D Thread-4 fail executed  time-1
2019-03-22 16:36:38 scheduler.py[line:109] WARNING 20190321 P_DWD_RES2_PROD_RES_D Thread-1 fail executed  time-1
2019-03-22 16:36:38 scheduler.py[line:109] WARNING 20190321 P_DWD_RES2_TE_CHAPTER_D Thread-4 fail executed  time-1
2019-03-22 16:36:40 scheduler.py[line:109] WARNING 20190321 P_DWD_RES2_TOPIC_RES_D Thread-1 fail executed  time-1
2019-03-22 16:36:41 scheduler.py[line:109] WARNING 20190321 P_DWD_RES2_PROD_RES_D Thread-4 fail executed  time-1
2019-03-22 16:36:44 scheduler.py[line:109] WARNING 20190321 P_DWD_RES2_TOPIC_RES_D Thread-4 fail executed  time-1
2019-03-22 16:36:44 scheduler.py[line:109] WARNING 20190321 P_DWD_RES2_TE_CHAPTER_D Thread-1 fail executed  time-1
2019-03-22 16:36:45 scheduler.py[line:84] INFO 20190321 ODS_APP_NAME Thread-2 successfully executed
2019-03-22 16:36:47 scheduler.py[line:109] WARNING 20190321 P_DWD_RES2_TOPIC_RES_D Thread-1 fail executed  time-1
2019-03-22 16:36:47 scheduler.py[line:109] WARNING 20190321 P_DWD_RES2_CLASSICATREL_D Thread-3 fail executed  time-1

2019-03-22 16:46:35 scheduler.py[line:111] WARNING 20190321 P_DWD_RES2_TE_CHAPTER_D Thread-2 fail executed  time-1
2019-03-22 16:46:35 scheduler.py[line:66] INFO 20190321 ODS_APP_NAME Thread-2 start execute
2019-03-22 16:46:36 scheduler.py[line:111] WARNING 20190321 P_DWD_RES2_PROD_RES_D Thread-3 fail executed  time-1
2019-03-22 16:46:36 scheduler.py[line:111] WARNING 20190321 P_DWD_RES2_TOPIC_RES_D Thread-1 fail executed  time-1
2019-03-22 16:46:42 scheduler.py[line:111] WARNING 20190321 P_DWD_RES2_CLASSICATREL_D Thread-4 fail executed  time-1	
2019-03-22 16:46:57 scheduler.py[line:85] INFO 20190321 ODS_APP_NAME Thread-2 successfully executed
2019-03-22 16:47:00 scheduler.py[line:130] INFO 20190321 all task successfully executed

2019-03-22 16:52:43 scheduler.py[line:111] WARNING 20190321 P_DWD_RES2_TOPIC_RES_D Thread-1 fail executed  time-1
2019-03-22 16:52:43 scheduler.py[line:66] INFO 20190321 ODS_APP_NAME Thread-1 start execute
2019-03-22 16:52:43 scheduler.py[line:111] WARNING 20190321 P_DWD_RES2_PROD_RES_D Thread-3 fail executed  time-1
2019-03-22 16:52:43 scheduler.py[line:111] WARNING 20190321 P_DWD_RES2_TE_CHAPTER_D Thread-2 fail executed  time-1
2019-03-22 16:52:50 scheduler.py[line:111] WARNING 20190321 P_DWD_RES2_CLASSICATREL_D Thread-4 fail executed  time-1
2019-03-22 16:53:06 scheduler.py[line:85] INFO 20190321 ODS_APP_NAME Thread-1 successfully executed
2019-03-22 16:53:08 scheduler.py[line:130] INFO 20190321 all task successfully executed

2019-03-22 16:57:31 scheduler.py[line:103] INFO 20190321 P_DWD_RES2_TE_CHAPTER_D Thread-2 successfully executed
2019-03-22 16:57:31 scheduler.py[line:66] INFO 20190321 ODS_APP_NAME Thread-2 start execute
2019-03-22 16:57:31 scheduler.py[line:103] INFO 20190321 P_DWD_RES2_TOPIC_RES_D Thread-1 successfully executed
2019-03-22 16:57:33 scheduler.py[line:103] INFO 20190321 P_DWD_RES2_PROD_RES_D Thread-3 successfully executed
2019-03-22 16:57:40 scheduler.py[line:103] INFO 20190321 P_DWD_RES2_CLASSICATREL_D Thread-4 successfully executed
2019-03-22 16:57:54 scheduler.py[line:85] INFO 20190321 ODS_APP_NAME Thread-2 successfully executed
2019-03-22 16:57:54 scheduler.py[line:130] INFO 20190321 all task successfully executed

2019-03-22 17:29:42 scheduler.py[line:66] INFO 20190321 P_DWD_RES2_TOPIC_RES_D Thread-1 start execute
2019-03-22 17:29:42 scheduler.py[line:90] INFO 20190321 P_DWD_RES2_TOPIC_RES_D Thread-1 start execute
2019-03-22 17:29:42 scheduler.py[line:66] INFO 20190321 P_DWD_RES2_TE_CHAPTER_D Thread-2 start execute
2019-03-22 17:29:42 scheduler.py[line:66] INFO 20190321 P_DWD_RES2_PROD_RES_D Thread-3 start execute
2019-03-22 17:29:42 scheduler.py[line:90] INFO 20190321 P_DWD_RES2_TE_CHAPTER_D Thread-2 start execute
2019-03-22 17:29:42 scheduler.py[line:66] INFO 20190321 P_DWD_RES2_CLASSICATREL_D Thread-4 start execute
2019-03-22 17:29:42 scheduler.py[line:90] INFO 20190321 P_DWD_RES2_PROD_RES_D Thread-3 start execute
2019-03-22 17:29:42 scheduler.py[line:90] INFO 20190321 P_DWD_RES2_CLASSICATREL_D Thread-4 start execute
2019-03-22 17:29:45 scheduler.py[line:103] INFO 20190321 P_DWD_RES2_TOPIC_RES_D Thread-1 successfully executed
2019-03-22 17:29:45 scheduler.py[line:66] INFO 20190321 ODS_APP_NAME Thread-1 start execute
2019-03-22 17:29:45 scheduler.py[line:103] INFO 20190321 P_DWD_RES2_TE_CHAPTER_D Thread-2 successfully executed
2019-03-22 17:29:45 scheduler.py[line:103] INFO 20190321 P_DWD_RES2_PROD_RES_D Thread-3 successfully executed
2019-03-22 17:29:52 scheduler.py[line:103] INFO 20190321 P_DWD_RES2_CLASSICATREL_D Thread-4 successfully executed
2019-03-22 17:30:06 scheduler.py[line:103] INFO 20190321 ODS_APP_NAME Thread-1 successfully executed
2019-03-22 17:30:06 scheduler.py[line:130] INFO 20190321 all task successfully executed

2019-03-22 17:50:40 scheduler.py[line:63] INFO 20190321 P_DWD_RES2_TOPIC_RES_D Thread-1 start execute
2019-03-22 17:50:40 scheduler.py[line:86] INFO 20190321 P_DWD_RES2_TOPIC_RES_D Thread-1 start execute
2019-03-22 17:50:40 scheduler.py[line:63] INFO 20190321 P_DWD_RES2_TE_CHAPTER_D Thread-2 start execute
2019-03-22 17:50:40 scheduler.py[line:86] INFO 20190321 P_DWD_RES2_TE_CHAPTER_D Thread-2 start execute
2019-03-22 17:50:40 scheduler.py[line:63] INFO 20190321 P_DWD_RES2_PROD_RES_D Thread-3 start execute
2019-03-22 17:50:40 scheduler.py[line:86] INFO 20190321 P_DWD_RES2_PROD_RES_D Thread-3 start execute
2019-03-22 17:50:40 scheduler.py[line:63] INFO 20190321 P_DWD_RES2_CLASSICATREL_D Thread-4 start execute
2019-03-22 17:50:40 scheduler.py[line:86] INFO 20190321 P_DWD_RES2_CLASSICATREL_D Thread-4 start execute
2019-03-22 17:50:43 scheduler.py[line:98] INFO 20190321 P_DWD_RES2_TE_CHAPTER_D Thread-2 successfully executed
2019-03-22 17:50:43 scheduler.py[line:63] INFO 20190321 ODS_APP_NAME Thread-2 start execute
2019-03-22 17:50:44 scheduler.py[line:98] INFO 20190321 P_DWD_RES2_TOPIC_RES_D Thread-1 successfully executed
2019-03-22 17:50:44 scheduler.py[line:98] INFO 20190321 P_DWD_RES2_PROD_RES_D Thread-3 successfully executed
2019-03-22 17:50:51 scheduler.py[line:98] INFO 20190321 P_DWD_RES2_CLASSICATREL_D Thread-4 successfully executed
2019-03-22 17:51:05 scheduler.py[line:98] INFO 20190321 ODS_APP_NAME Thread-2 successfully executed
2019-03-22 17:51:05 scheduler.py[line:125] INFO 20190321 all task successfully executed

