Save repository element : /BIN/GET_VAR : Checked in
Save repository element : /ODS/ODS_APP_NAME : Checked in
Save repository element : /BIN/SCHEDULER : Checked in
Save database : Modification by user
Save repository element : DW_ORACLE : Modification by user
Save database : Modification by user
Save repository element : dw_oracle : Modification by user
Save database : Modification by user
Save repository element : dw_oracle : Modification by user
Save database : Modification by user
Save repository element : DW : Modification by user
Save database : Modification by user
Save repository element : DW : Modification by user
Save database : Modification by user
Save repository element : DW : Modification by user
Save database : Modification by user
Save repository element : dw_oracle : Modification by user
Save database : Modification by user
Save repository element : DW : Modification by user
Save database : Modification by user
Save repository element : DW : Modification by user
Save database : Modification by user
Save repository element : DW : Modification by user
